<?xml version="1.0" encoding="UTF-8"?>
<!-- Generated by org.testng.reporters.JUnitReportReporter -->
<testsuite skipped="1" hostname="DESKTOP-BMVJQH8" name="Excel.TestData.DataProviderWithExcel" tests="1" failures="0" timestamp="14 May 2019 20:31:29 GMT" time="0.000" errors="0">
  <testcase name="f" time="0.000" classname="Excel.TestData.DataProviderWithExcel">
    <skipped/>
  </testcase> <!-- f -->
</testsuite> <!-- Excel.TestData.DataProviderWithExcel -->
